<?xml version="1.0" encoding="UTF-8"?>
<testng-results skipped="0" failed="0" ignored="0" total="1" passed="1">
  <reporter-output>
  </reporter-output>
  <suite name="Default suite" duration-ms="50208" started-at="2021-01-20T02:56:48Z" finished-at="2021-01-20T02:57:38Z">
    <groups>
    </groups>
    <test name="Default test" duration-ms="50208" started-at="2021-01-20T02:56:48Z" finished-at="2021-01-20T02:57:38Z">
      <class name="testCases_InheritanceForCon.CreateLead">
        <test-method status="PASS" signature="login()[pri:0, instance:testCases_InheritanceForCon.CreateLead@1e88b3c]" name="login" is-config="true" duration-ms="29548" started-at="2021-01-20T02:56:48Z" finished-at="2021-01-20T02:57:18Z">
          <reporter-output>
          </reporter-output>
        </test-method> <!-- login -->
        <test-method status="PASS" signature="createLead()[pri:0, instance:testCases_InheritanceForCon.CreateLead@1e88b3c]" name="createLead" duration-ms="16142" started-at="2021-01-20T02:57:18Z" finished-at="2021-01-20T02:57:34Z">
          <reporter-output>
          </reporter-output>
        </test-method> <!-- createLead -->
        <test-method status="PASS" signature="closeBrowser()[pri:0, instance:testCases_InheritanceForCon.CreateLead@1e88b3c]" name="closeBrowser" is-config="true" duration-ms="4426" started-at="2021-01-20T02:57:34Z" finished-at="2021-01-20T02:57:38Z">
          <reporter-output>
          </reporter-output>
        </test-method> <!-- closeBrowser -->
      </class> <!-- testCases_InheritanceForCon.CreateLead -->
    </test> <!-- Default test -->
  </suite> <!-- Default suite -->
</testng-results>
